Reading authors from JSON files...

Found 24 unique authors:

  1. 袚芯锌邪谢 袚芯胁懈薪写邪 袦邪褏邪薪褌邪
  2. 楔虂褉懈 效邪泄褌邪薪褜褟 袦邪褏邪虅锌褉邪斜褏褍
  3. 楔虂褉懈虅 小邪褌泄邪胁褉邪褌邪 袦褍薪懈
  4. 楔虂褉懈虅谢邪 袘褏邪泻褌懈 小褍写褏懈褉 袚芯褋胁邪虅屑懈虅 袦邪褏邪虅褉邪虅写卸
  5. 楔虂褉懈虅谢邪 袘褏邪泻褌懈 小褍薪写邪褉 袚芯胁懈薪写邪 袛械胁-袚芯褋胁邪虅屑懈虅 袦邪褏邪虅褉邪虅写卸
  6. 楔虂褉懈虅谢邪 袘褏邪泻褌懈胁懈薪芯写 孝蹋褏邪虅泻褍褉
  7. 楔虂褉懈虅谢邪 袙邪虅褋褍写械胁邪 袚褏芯褕蹋
  8. 楔虂褉懈虅谢邪 袙懈褕虂胁邪薪邪虅褌褏 效邪泻褉邪胁邪褉褌懈虅 孝蹋褏邪虅泻褍褉
  9. 楔虂褉懈虅谢邪 袙褉蹋薪写邪虅胁邪薪 袛邪虅褋 孝蹋褏邪虅泻褍褉
 10. 楔虂褉懈虅谢邪 袚芯胁懈薪写邪 袛邪虅褋 袣邪胁懈褉邪虅写卸
 11. 楔虂褉懈虅谢邪 袛卸邪泄邪写械胁 袚芯褋胁邪虅屑懈虅
 12. 楔虂褉懈虅谢邪 袣褉懈褕薪邪写邪虅褋 袣邪胁懈褉邪虅写卸 袚芯褋胁邪虅屑懈虅
 13. 楔虂褉懈虅谢邪 袥芯褔邪薪 袛邪虅褋 孝蹋褏邪虅泻褍褉
 14. 楔虂褉懈虅谢邪 袧邪泄邪薪邪虅薪邪薪写邪 袛邪虅褋
 15. 楔虂褉懈虅谢邪 袧邪褉芯褌褌邪屑 袛邪虅褋 孝蹋褏邪虅泻褍褉
 16. 楔虂褉懈虅谢邪 袩褉械屑邪虅薪邪薪写邪 袛邪虅褋
 17. 楔虂褉懈虅谢邪 袪褍虅锌邪 袚芯褋胁邪虅屑懈虅
 18. 楔虂褉懈虅谢邪 效邪薪写褉邪褕虂械泻褏邪褉邪 袣邪胁懈
 19. 楔虂褉懈虅谢邪 楔虂褉懈虅薪懈胁邪虅褋 袗虅褔邪虅褉泄邪
 20. 楔虂褉懈虅锌邪虅写 袘褏邪泻褌懈 袗虅薪邪薪写邪 小邪虅谐邪褉 袦邪褏邪虅褉邪虅写卸
 21. 楔虂褉懈锌邪虅写 袘. 袗. 袩邪褉邪屑邪褏邪屑虈褋邪 袦邪褏邪虅褉邪虅写卸
 22. 楔虂褉樱谢邪 袘褏邪泻褌懈 袪邪泻褕蹋邪泻 楔虂褉樱写褏邪褉 袛械胁-袚芯褋胁邪虅屑樱 袦邪褏邪虅褉邪虅写卸
 23. 楔虂褉樱谢邪 袙懈写泄邪虅锌邪褌懈
 24. 楔蛠褉懈虅谢邪 袘褏邪泻褌懈褋懈写写褏邪虅薪褌邪 小邪褉邪褋胁邪褌懈虅 孝蹋褏邪虅泻褍褉
